This is pdfTeX, Version 3.141592653-2.6-1.40.25 (MiKTeX 23.10.12 Portable) (preloaded format=pdflatex 2023.11.6)  6 NOV 2023 12:22
entering extended mode
 restricted \write18 enabled.
 %&-line parsing enabled.
**./Karl-Marx_A-Brief-Biographical-Sketch-with-an-exposition-of-Marxism.tex
(Karl-Marx_A-Brief-Biographical-Sketch-with-an-exposition-of-Marxism.tex
LaTeX2e <2023-11-01>
L3 programming layer <2023-11-01>

(C:\Users\Admin\scoop\apps\miktex\current\texmfs\install\tex/latex/base\book.cl
s
Document Class: book 2023/05/17 v1.4n Standard LaTeX document class

(C:\Users\Admin\scoop\apps\miktex\current\texmfs\install\tex/latex/base\bk12.cl
o
File: bk12.clo 2023/05/17 v1.4n Standard LaTeX file (size option)
)
\c@part=\count186
\c@chapter=\count187
\c@section=\count188
\c@subsection=\count189
\c@subsubsection=\count190
\c@paragraph=\count191
\c@subparagraph=\count192
\c@figure=\count193
\c@table=\count194
\abovecaptionskip=\skip48
\belowcaptionskip=\skip49
\bibindent=\dimen140
)
(C:\Users\Admin\scoop\apps\miktex\current\texmfs\install\tex/latex/l3backend\l3
backend-pdftex.def
File: l3backend-pdftex.def 2023-10-23 L3 backend support: PDF output (pdfTeX)
\l__color_backend_stack_int=\count195
\l__pdf_internal_box=\box51
)
No file Karl-Marx_A-Brief-Biographical-Sketch-with-an-exposition-of-Marxism.aux
.
\openout1 = `Karl-Marx_A-Brief-Biographical-Sketch-with-an-exposition-of-Marxis
m.aux'.

LaTeX Font Info:    Checking defaults for OML/cmm/m/it on input line 13.
LaTeX Font Info:    ... okay on input line 13.
LaTeX Font Info:    Checking defaults for OMS/cmsy/m/n on input line 13.
LaTeX Font Info:    ... okay on input line 13.
LaTeX Font Info:    Checking defaults for OT1/cmr/m/n on input line 13.
LaTeX Font Info:    ... okay on input line 13.
LaTeX Font Info:    Checking defaults for T1/cmr/m/n on input line 13.
LaTeX Font Info:    ... okay on input line 13.
LaTeX Font Info:    Checking defaults for TS1/cmr/m/n on input line 13.
LaTeX Font Info:    ... okay on input line 13.
LaTeX Font Info:    Checking defaults for OMX/cmex/m/n on input line 13.
LaTeX Font Info:    ... okay on input line 13.
LaTeX Font Info:    Checking defaults for U/cmr/m/n on input line 13.
LaTeX Font Info:    ... okay on input line 13.
LaTeX Font Info:    External font `cmex10' loaded for size
(Font)              <14.4> on input line 15.
LaTeX Font Info:    External font `cmex10' loaded for size
(Font)              <7> on input line 15.
[1



{C:/Users/Admin/scoop/apps/miktex/current/texmfs/data/fonts/map/pdftex/pdftex.m
ap}] [2

]
LaTeX Font Info:    External font `cmex10' loaded for size
(Font)              <12> on input line 25.
LaTeX Font Info:    External font `cmex10' loaded for size
(Font)              <8> on input line 25.
LaTeX Font Info:    External font `cmex10' loaded for size
(Font)              <6> on input line 25.
LaTeX Font Info:    External font `cmex10' loaded for size
(Font)              <5> on input line 25.
 [3] [4

] [1] [2] [3] [4] [5] [6

]
Chapter 1.
[7] [8] [9] [10] [11] [12] [13] [14] [15] [16

]
Chapter 2.
[17] [18

]
Chapter 3.
[19] [20

]
Chapter 4.
[21] (Karl-Marx_A-Brief-Biographical-Sketch-with-an-exposition-of-Marxism.aux)
 ***********
LaTeX2e <2023-11-01>
L3 programming layer <2023-11-01>
 ***********
 ) 
Here is how much of TeX's memory you used:
 499 strings out of 474591
 9957 string characters out of 5740568
 1935533 words of memory out of 5000000
 22750 multiletter control sequences out of 15000+600000
 564940 words of font info for 58 fonts, out of 8000000 for 9000
 1141 hyphenation exceptions out of 8191
 35i,8n,50p,3027b,259s stack positions out of 10000i,1000n,20000p,200000b,200000s
<C:/Users/Admin/scoop/apps/miktex/current/texmfs/install/fonts/type1/public/a
msfonts/cm/cmbx12.pfb><C:/Users/Admin/scoop/apps/miktex/current/texmfs/install/
fonts/type1/public/amsfonts/cm/cmbxti10.pfb><C:/Users/Admin/scoop/apps/miktex/c
urrent/texmfs/install/fonts/type1/public/amsfonts/cm/cmr10.pfb><C:/Users/Admin/
scoop/apps/miktex/current/texmfs/install/fonts/type1/public/amsfonts/cm/cmr12.p
fb><C:/Users/Admin/scoop/apps/miktex/current/texmfs/install/fonts/type1/public/
amsfonts/cm/cmr17.pfb><C:/Users/Admin/scoop/apps/miktex/current/texmfs/install/
fonts/type1/public/amsfonts/cm/cmr7.pfb><C:/Users/Admin/scoop/apps/miktex/curre
nt/texmfs/install/fonts/type1/public/amsfonts/cm/cmr8.pfb><C:/Users/Admin/scoop
/apps/miktex/current/texmfs/install/fonts/type1/public/amsfonts/cm/cmsl12.pfb><
C:/Users/Admin/scoop/apps/miktex/current/texmfs/install/fonts/type1/public/amsf
onts/cm/cmti10.pfb><C:/Users/Admin/scoop/apps/miktex/current/texmfs/install/fon
ts/type1/public/amsfonts/cm/cmti12.pfb>
Output written on Karl-Marx_A-Brief-Biographical-Sketch-with-an-exposition-of-M
arxism.pdf (25 pages, 206767 bytes).
PDF statistics:
 133 PDF objects out of 1000 (max. 8388607)
 0 named destinations out of 1000 (max. 500000)
 1 words of extra memory for PDF output out of 10000 (max. 10000000)

